<?xml version="1.0" encoding="UTF-8"?>
<testng-results ignored="0" total="1" passed="1" failed="0" skipped="0">
  <reporter-output>
  </reporter-output>
  <suite started-at="2023-03-17T15:46:02 IST" name="Default suite" finished-at="2023-03-17T15:46:46 IST" duration-ms="43501">
    <groups>
    </groups>
    <test started-at="2023-03-17T15:46:02 IST" name="Default test" finished-at="2023-03-17T15:46:46 IST" duration-ms="43501">
      <class name="vtiger.ContactsTests.CreateContactWithOrgTest">
        <test-method is-config="true" signature="bsConfig()[pri:0, instance:vtiger.ContactsTests.CreateContactWithOrgTest@60bd273d]" started-at="2023-03-17T15:46:02 IST" name="bsConfig" finished-at="2023-03-17T15:46:02 IST" duration-ms="13" status="PASS">
          <reporter-output>
          </reporter-output>
        </test-method> <!-- bsConfig -->
        <test-method is-config="true" signature="bcConfig()[pri:0, instance:vtiger.ContactsTests.CreateContactWithOrgTest@60bd273d]" started-at="2023-03-17T15:46:02 IST" name="bcConfig" finished-at="2023-03-17T15:46:13 IST" duration-ms="11177" status="PASS">
          <reporter-output>
          </reporter-output>
        </test-method> <!-- bcConfig -->
        <test-method is-config="true" signature="bmConfig()[pri:0, instance:vtiger.ContactsTests.CreateContactWithOrgTest@60bd273d]" started-at="2023-03-17T15:46:13 IST" name="bmConfig" finished-at="2023-03-17T15:46:17 IST" duration-ms="3421" status="PASS">
          <reporter-output>
          </reporter-output>
        </test-method> <!-- bmConfig -->
        <test-method signature="createContactWithOrgTest()[pri:0, instance:vtiger.ContactsTests.CreateContactWithOrgTest@60bd273d]" started-at="2023-03-17T15:46:17 IST" name="createContactWithOrgTest" finished-at="2023-03-17T15:46:41 IST" duration-ms="23687" status="PASS">
          <reporter-output>
          </reporter-output>
        </test-method> <!-- createContactWithOrgTest -->
        <test-method is-config="true" signature="amConfig()[pri:0, instance:vtiger.ContactsTests.CreateContactWithOrgTest@60bd273d]" started-at="2023-03-17T15:46:41 IST" name="amConfig" finished-at="2023-03-17T15:46:42 IST" duration-ms="1504" status="PASS">
          <reporter-output>
          </reporter-output>
        </test-method> <!-- amConfig -->
        <test-method is-config="true" signature="acConfig()[pri:0, instance:vtiger.ContactsTests.CreateContactWithOrgTest@60bd273d]" started-at="2023-03-17T15:46:42 IST" name="acConfig" finished-at="2023-03-17T15:46:46 IST" duration-ms="3658" status="PASS">
          <reporter-output>
          </reporter-output>
        </test-method> <!-- acConfig -->
        <test-method is-config="true" signature="asConfig()[pri:0, instance:vtiger.ContactsTests.CreateContactWithOrgTest@60bd273d]" started-at="2023-03-17T15:46:46 IST" name="asConfig" finished-at="2023-03-17T15:46:46 IST" duration-ms="1" status="PASS">
          <reporter-output>
          </reporter-output>
        </test-method> <!-- asConfig -->
      </class> <!-- vtiger.ContactsTests.CreateContactWithOrgTest -->
    </test> <!-- Default test -->
  </suite> <!-- Default suite -->
</testng-results>
